<?xml version="1.0" encoding="UTF-8"?>
<!-- Generated by org.testng.reporters.JUnitXMLReporter -->
<testsuite ignored="5" hostname="kapil" failures="0" tests="3" name="GroupingTest" time="0.088" errors="0" timestamp="2024-07-14T20:27:58 IST">
  <testcase classname="day44.LoginTests" name="loginByEmail" time="0.012"/>
  <testcase classname="day44.LoginTests" name="loginByfb" time="0.003"/>
  <testcase classname="day44.LoginTests" name="loginByTwitter" time="0.002"/>
  <testcase classname="day44.SignupTests" name="signupbytwitter" time="0.0">
    <ignored/>
  </testcase> <!-- signupbytwitter -->
  <testcase classname="day44.PaymentTests" name="paymentinRupees" time="0.0">
    <ignored/>
  </testcase> <!-- paymentinRupees -->
  <testcase classname="day44.SignupTests" name="signupbyemail" time="0.0">
    <ignored/>
  </testcase> <!-- signupbyemail -->
  <testcase classname="day44.PaymentTests" name="paymentinDollars" time="0.0">
    <ignored/>
  </testcase> <!-- paymentinDollars -->
  <testcase classname="day44.SignupTests" name="signupbyfb" time="0.0">
    <ignored/>
  </testcase> <!-- signupbyfb -->
</testsuite> <!-- GroupingTest -->
